ERROR:root:While creating json: list index out of range, on /songs/5443/studio_—_hochu_vlyubitsya.php
ERROR:root:While creating json: list index out of range, on /songs/aviator/—_zapreshchayu.php
ERROR:root:While creating json: list index out of range, on /songs/adam_shiza/dima_kartashov_–_pritselom_na_lyubov.php
ERROR:root:While creating json: list index out of range, on /songs/ay/q_feat__mad_jozef_—_zhit_dano.php
ERROR:root:While creating json: list index out of range, on /songs/ay/q_feat__gorizont_–_ne_vernus.php
ERROR:root:While creating json: list index out of range, on /songs/ay/q_feat__amira_leila_–_v_serdtse_rana.php
ERROR:root:While creating json: list index out of range, on /songs/ay/q_–_eho_dney.php
ERROR:root:While creating json: list index out of range, on /songs/aleksandr_bashlachev/palata_¹6.php
ERROR:root:While creating json: list index out of range, on /songs/aleksandr_bashlachev/poezd_¹193.php
ERROR:root:While creating json: list index out of range, on /songs/aleksandr_ketlin/lyubov_–_izmena.php
ERROR:root:While creating json: list index out of range, on /songs/animiya/o_tom_chto_uzhe_bilo….php
ERROR:root:While creating json: list index out of range, on /songs/animiya/gde-to….php
ERROR:root:While creating json: list index out of range, on /songs/arnau/eg³z_l³b³z.php
ERROR:root:While creating json: list index out of range, on /songs/banda/rim_parizh….php
ERROR:root:While creating json: list index out of range, on /songs/bahit_kompot/churka_i_skinhed.php
ERROR:root:While creating json: list index out of range, on /songs/v__petlyura/59687.php
ERROR:root:While creating json: list index out of range, on /songs/valentin_strikalo/tak_gr³ie.php
ERROR:root:While creating json: list index out of range, on /songs/viktor_pavlik/n³_ob³tsyanok_n³_probachen.php
ERROR:root:While creating json: list index out of range, on /songs/viktor_pavlik/ti_podobaieshsya_men³.php
ERROR:root:While creating json: list index out of range, on /songs/vitya_classic/poroh_—_luchshiy_argument.php
ERROR:root:While creating json: list index out of range, on /songs/vitya_classic/esli_orel_—_ya_viigral_esli_reshka_—_to_ti.php
ERROR:root:While creating json: list index out of range, on /songs/vlad_darvin/arman³.php
ERROR:root:While creating json: list index out of range, on /songs/vlad_topalov/nebo_¹71.php
ERROR:root:While creating json: list index out of range, on /songs/volya/ti_m³y_narkotik.php
ERROR:root:While creating json: list index out of range, on /songs/volya/v³dzerkallya.php
ERROR:root:While creating json: list index out of range, on /songs/gaytana/tek³la.php
ERROR:root:While creating json: list index out of range, on /songs/gaytana/tants³.php
ERROR:root:While creating json: list index out of range, on /songs/gaytana/d³ti_sv³tla.php
ERROR:root:While creating json: list index out of range, on /songs/gaytana/teplo_sl³v.php
ERROR:root:While creating json: list index out of range, on /songs/gaytana/v³dshukayu.php
ERROR:root:While creating json: list index out of range, on /songs/gaytana/dva_v³kna.php
ERROR:root:While creating json: list index out of range, on /songs/geroi/moe_malenkoe_glupoe_serdtse….php
ERROR:root:While creating json: list index out of range, on /songs/gidroponka/bitva_za_respekt_1/4_finala.php
ERROR:root:While creating json: list index out of range, on /songs/goryachiy_shokolad/fur³ya.php
ERROR:root:While creating json: list index out of range, on /songs/diana_gurtskaya/51075.php
ERROR:root:While creating json: list index out of range, on /songs/duboviy_gaay/sinyaya_lirika_¹3.php
ERROR:root:While creating json: list index out of range, on /songs/dishi/dima_molchanov_–_vstrechay.php
ERROR:root:While creating json: list index out of range, on /songs/dishi/proekt_
ERROR:root:While creating json: list index out of range, on /songs/evro/
ERROR:root:While creating json: list index out of range, on /songs/zoopark_mayk_naumenko/belaya_noch/beloe_teplo.php
ERROR:root:While creating json: list index out of range, on /songs/kay/noviy_god….php
ERROR:root:While creating json: list index out of range, on /songs/kapa_i_kartel/tam_na_nebe_bogam_¹2.php
ERROR:root:While creating json: list index out of range, on /songs/katya_boyko/dyakuyu_tob³mamo.php
ERROR:root:While creating json: list index out of range, on /songs/katya_boyko/d³ti_ukraini.php
ERROR:root:While creating json: list index out of range, on /songs/katya_boyko/a_za_l³tom.php
ERROR:root:While creating json: list index out of range, on /songs/katya_boyko/vesel³tsya_lyudi.php
ERROR:root:While creating json: list index out of range, on /songs/katya_boyko/kv³tka.php
ERROR:root:While creating json: list index out of range, on /songs/kievelektro/vesnyane_ves³llya.php
ERROR:root:While creating json: list index out of range, on /songs/konets_filma/galina_bosaya_–_pistolet_ili_yad.php
ERROR:root:While creating json: list index out of range, on /songs/lev_leshchenko/aleksandr_koretskiy_–_deti_zemli.php
ERROR:root:While creating json: list index out of range, on /songs/litsey/planeta_¹5.php
ERROR:root:While creating json: list index out of range, on /songs/litsey/planeta_¹_5.php
ERROR:root:While creating json: list index out of range, on /songs/lola/kechir_g’urur.php
ERROR:root:While creating json: list index out of range, on /songs/man-ka/skazala_bi_
ERROR:root:While creating json: list index out of range, on /songs/nastya_zadorozhnaya/tolko_druzya_®.php
ERROR:root:While creating json: list index out of range, on /songs/nastya_kamenskih/r³zdvyana.php
ERROR:root:While creating json: list index out of range, on /songs/natalka_karpa/v³trami.php
ERROR:root:While creating json: list index out of range, on /songs/natalka_karpa/v³d_mene_do_tebe.php
ERROR:root:While creating json: list index out of range, on /songs/natalka_karpa/r³zdvyana_n³ch.php
ERROR:root:While creating json: list index out of range, on /songs/natalka_karpa/l³to_proyde.php
ERROR:root:While creating json: list index out of range, on /songs/natalka_karpa/chuzhogo_ne_treba_svogo_ne_v³ddam.php
ERROR:root:While creating json: list index out of range, on /songs/natalya_valevskaya/adazh³o.php
ERROR:root:While creating json: list index out of range, on /songs/ne_vashe_delo_records/yul³ya.php
ERROR:root:While creating json: list index out of range, on /songs/nigativ1/hann_–_bivshie.php
ERROR:root:While creating json: list index out of range, on /songs/nikita_vishnev/misli_chto_gromche_slov….php
ERROR:root:While creating json: list index out of range, on /songs/532/ti_sob³_sama.php
ERROR:root:While creating json: list index out of range, on /songs/532/sogodn³.php
ERROR:root:While creating json: list index out of range, on /songs/532/sontse_s³daie.php
ERROR:root:While creating json: list index out of range, on /songs/532/yak_ostann³y_den.php
ERROR:root:While creating json: list index out of range, on /songs/532/yananeb³buv.php
ERROR:root:While creating json: list index out of range, on /songs/532/k³shka.php
ERROR:root:While creating json: list index out of range, on /songs/532/malo_men³.php
ERROR:root:While creating json: list index out of range, on /songs/532/persha_p³snya.php
ERROR:root:While creating json: list index out of range, on /songs/532/v³dchuvayu.php
ERROR:root:While creating json: list index out of range, on /songs/532/v³dpusti.php
ERROR:root:While creating json: list index out of range, on /songs/532/v³ddam.php
ERROR:root:While creating json: list index out of range, on /songs/532/b³lshe_dlya_nas.php
ERROR:root:While creating json: list index out of range, on /songs/okean_elzi/ne_tvoya_v³yna.php
ERROR:root:While creating json: list index out of range, on /songs/oleksandr_ponomarov/varto_chi_n³.php
ERROR:root:While creating json: list index out of range, on /songs/oleksandr_ponomarov/chomus_tak_g³rko_plakala_vona.php
ERROR:root:While creating json: list index out of range, on /songs/oleksandr_ponomarov/n³koli.php
ERROR:root:While creating json: list index out of range, on /songs/pesochnie_lyudi/koleso_—_oba_zreniya.php
ERROR:root:While creating json: list index out of range, on /songs/pesochnie_lyudi/chto_est_«stop».php
ERROR:root:While creating json: list index out of range, on /songs/petr_dmitrichenko/bozhevol³yu.php
ERROR:root:While creating json: list index out of range, on /songs/potap_i_mika_nyuton/gryazn³y_remiks.php
ERROR:root:While creating json: list index out of range, on /songs/piltsa/anti_r’n’b.php
ERROR:root:While creating json: list index out of range, on /songs/rayon_moey_mechti/avtobus_n__novgorod_–_cheboksari.php
ERROR:root:While creating json: list index out of range, on /songs/ruslana/dika_energ³ya.php
ERROR:root:While creating json: list index out of range, on /songs/ruslana/oy_let³li_dik³_gusi….php
ERROR:root:While creating json: list index out of range, on /songs/ruslana/ti_shche_v³dkriiesh_och³.php
ERROR:root:While creating json: list index out of range, on /songs/sventoyar/sapra¢dnasts.php
ERROR:root:While creating json: list index out of range, on /songs/sventoyar/drevlyansk³_st³ni.php
ERROR:root:While creating json: list index out of range, on /songs/sventoyar/oy_mala_ya_cholov³ka.php
ERROR:root:While creating json: list index out of range, on /songs/svyatoslav_vakarchuk/v_ostann³y_moment.php
ERROR:root:While creating json: list index out of range, on /songs/svyatoslav_vakarchuk/tam_de_l³to.php
ERROR:root:While creating json: list index out of range, on /songs/svyatoslav_vakarchuk/p³zno_vnoch³.php
ERROR:root:While creating json: list index out of range, on /songs/svyatoslav_vakarchuk/oy_popered_mene_gori_sin³.php
ERROR:root:While creating json: list index out of range, on /songs/svyatoslav_vakarchuk/ne_opuskay_svoi_och³.php
ERROR:root:While creating json: list index out of range, on /songs/svyatoslav_vakarchuk/day_men³_chistoi_vodi.php
ERROR:root:While creating json: list index out of range, on /songs/svyatoslav_vakarchuk/tsunam³.php
ERROR:root:While creating json: list index out of range, on /songs/svyatoslav_vakarchuk/adrenal³n.php
ERROR:root:While creating json: list index out of range, on /songs/sektor_gazovoy_ataki/esli_b_ne_bilo….php
ERROR:root:While creating json: list index out of range, on /songs/serebro/song_¹1.php
ERROR:root:While creating json: list index out of range, on /songs/1932/gimn_bolelshchikov_fk_
ERROR:root:While creating json: list index out of range, on /songs/skay/ya_zdaten_na_b³lshe.php
ERROR:root:While creating json: list index out of range, on /songs/skay/hto_ti_men³.php
ERROR:root:While creating json: list index out of range, on /songs/skay/poki_ne_p³zno.php
ERROR:root:While creating json: list index out of range, on /songs/skay/bud_z³_mnoyu.php
ERROR:root:While creating json: list index out of range, on /songs/skay/van³l.php
ERROR:root:While creating json: list index out of range, on /songs/skay/d³vchina_v_b³lomu.php
ERROR:root:While creating json: list index out of range, on /songs/skryabin/m³y_brudniy_kosmos.php
ERROR:root:While creating json: list index out of range, on /songs/skryabin/z_novim_rokom_²_r³zdvom.php
ERROR:root:While creating json: list index out of range, on /songs/stilyagi/«stariy_korabl».php
ERROR:root:While creating json: list index out of range, on /songs/stilyagi/«chelovek_i_koshka».php
ERROR:root:While creating json: list index out of range, on /songs/stilyagi/«bugi-vugi_kazhdiy_den».php
ERROR:root:While creating json: list index out of range, on /songs/stilyagi/«beyba».php
ERROR:root:While creating json: list index out of range, on /songs/t4/mr³i.php
ERROR:root:While creating json: list index out of range, on /songs/t4/krem³n.php
ERROR:root:While creating json: list index out of range, on /songs/taisiya_povaliy/yak_tebe_ne_lyubiti_kiieve_m³y.php
ERROR:root:While creating json: list index out of range, on /songs/taisiya_povaliy/char³vna_skripka.php
ERROR:root:While creating json: list index out of range, on /songs/tartak/st³lnikove_kohannya.php
ERROR:root:While creating json: list index out of range, on /songs/tartak/ponad_hmarami….php
ERROR:root:While creating json: list index out of range, on /songs/tartak/100-y_plag³at.php
ERROR:root:While creating json: list index out of range, on /songs/tina_karol/zakrili_tvoi_och³.php
ERROR:root:While creating json: list index out of range, on /songs/tnmk/²vo_bobul.php
ERROR:root:While creating json: list index out of range, on /songs/tnmk/nou_k³p³sh.php
ERROR:root:While creating json: list index out of range, on /songs/tnmk/v³ter_nad³i.php
ERROR:root:While creating json: list index out of range, on /songs/tnmk/vav³lon.php
ERROR:root:While creating json: list index out of range, on /songs/tnmk/v³va_ukraino.php
ERROR:root:While creating json: list index out of range, on /songs/tnmk/ch/b.php
ERROR:root:While creating json: list index out of range, on /songs/ed_shulzhevskiy/nastya.php
ERROR:root:While creating json: list index out of range, on /songs/enimor/ona_skazala_mne_
ERROR:root:While creating json: list index out of range, on /songs/epidemiya/13846.php
ERROR:root:While creating json: list index out of range, on /songs/yuliya_ray/r³chka.php
ERROR:root:While creating json: list index out of range, on /songs/yuriy_ilchenko/nikogda_ne_govori_
ERROR:root:While creating json: list index out of range, on /songs/4_aprelya/
ERROR:root:While creating json: list index out of range, on /songs/9_rayon/9_1/2_nedel.php
ERROR:root:While creating json: list index out of range, on /songs/akado/oxymoron_¹2.php
ERROR:root:While creating json: list index out of range, on /songs/alexisonfire/this_could_be_anywhere_in_the_world.php
ERROR:root:While creating json: list index out of range, on /songs/ashlee_simpson/follow_you_wherever_you_go.php
ERROR:root:While creating json: list index out of range, on /songs/backstreet_boys/nowhere_to_go.php
ERROR:root:While creating json: list index out of range, on /songs/basic_element/i`ll_never_let_you_know.php
ERROR:root:While creating json: list index out of range, on /songs/billy_talent/where_is_the_line.php
ERROR:root:While creating json: list index out of range, on /songs/bosson/where_are_you.php
ERROR:root:While creating json: list index out of range, on /songs/boys_like_girls/hero/heroine.php
ERROR:root:While creating json: list index out of range, on /songs/brandy/where_you_wanna_be.php
ERROR:root:While creating json: list index out of range, on /songs/bruce_springsteen/radio_nowhere.php
ERROR:root:While creating json: list index out of range, on /songs/bruno_mars/somewhere_in_brooklyn.php
ERROR:root:While creating json: list index out of range, on /songs/carolina_liar/show_me_what_i’m_looking_for.php
ERROR:root:While creating json: list index out of range, on /songs/cassidy/where_my_niggas_at.php
ERROR:root:While creating json: list index out of range, on /songs/cat-x/v_etom_mire_
ERROR:root:While creating json: list index out of range, on /songs/cheese_people/uaaa…a.php
ERROR:root:While creating json: list index out of range, on /songs/cher/you_haven’t_seen_the_last_of_me.php
ERROR:root:While creating json: list index out of range, on /songs/chingy/madd_@_me.php
ERROR:root:While creating json: list index out of range, on /songs/d/bosh_feat__oksana_fedorova_–_oksana.php
ERROR:root:While creating json: list index out of range, on /songs/da_buzz/wonder_where_you_are.php
ERROR:root:While creating json: list index out of range, on /songs/dante/nash³_v³dnosini.php
ERROR:root:While creating json: list index out of range, on /songs/darkseed/where_will_i_go.php
ERROR:root:While creating json: list index out of range, on /songs/david_usher/speak_/_listen.php
ERROR:root:While creating json: list index out of range, on /songs/dotsfam/film_
ERROR:root:While creating json: list index out of range, on /songs/drake_bell/highway_to_nowhere.php
ERROR:root:While creating json: list index out of range, on /songs/eden_s_crush/anywhere_but_here.php
ERROR:root:While creating json: list index out of range, on /songs/elzevir/where_is_my_broom.php
ERROR:root:While creating json: list index out of range, on /songs/eric_vice/interlyudiya_¹1.php
ERROR:root:While creating json: list index out of range, on /songs/etternum/ti_–_mashina.php
ERROR:root:While creating json: list index out of range, on /songs/exilia/nowhere.php
ERROR:root:While creating json: list index out of range, on /songs/eyes_set_to_kill/where_we_started.php
ERROR:root:While creating json: list index out of range, on /songs/fike/tvoy_¹2.php
ERROR:root:While creating json: list index out of range, on /songs/forgivemenot/cherez_tisyachi_let….php
ERROR:root:While creating json: list index out of range, on /songs/fort_minor/where_d_you_go.php
ERROR:root:While creating json: list index out of range, on /songs/gouache/t³lki_lyubov_zupinit_chas.php
ERROR:root:While creating json: list index out of range, on /songs/gym_class_heroes/peace_sign_/_index_down.php
ERROR:root:While creating json: list index out of range, on /songs/hollywood_undead/everywhere_i_go.php
ERROR:root:While creating json: list index out of range, on /songs/horizon_8/exiled/denied.php
ERROR:root:While creating json: list index out of range, on /songs/hurts/all_i_want_for_christmas_is_new_year’s_day.php
ERROR:root:While creating json: list index out of range, on /songs/ian_van_dahl/where_are_you_now_01.php
ERROR:root:While creating json: list index out of range, on /songs/ill_nino/revolution/revolucion.php
ERROR:root:While creating json: list index out of range, on /songs/jennifer_love_hewitt/can`t_stand_in_the_way_of_love.php
ERROR:root:While creating json: list index out of range, on /songs/jennifer_love_hewitt/baby_i`m_a_want_you.php
ERROR:root:While creating json: list index out of range, on /songs/jesse_mccartney/we_can_go_anywhere.php
ERROR:root:While creating json: list index out of range, on /songs/jesse_mccartney/right_where_you_want_me.php
ERROR:root:While creating json: list index out of range, on /songs/jonas_brothers/much_better.php
ERROR:root:While creating json: list index out of range, on /songs/josh_groban/thankful.php
ERROR:root:While creating json: list index out of range, on /songs/kansas/miracles_out_of_nowhere.php
ERROR:root:While creating json: list index out of range, on /songs/kate_voegele/you_can’t_break_a_broken_heart.php
ERROR:root:While creating json: list index out of range, on /songs/keane/somewhere_only_we_know.php
ERROR:root:While creating json: list index out of range, on /songs/kelly_clarkson/where_is_your_heart.php
ERROR:root:While creating json: list index out of range, on /songs/kenny_chesney/somewhere_with_you.php
ERROR:root:While creating json: list index out of range, on /songs/killerpilze/fg¼r_mich_geschaffen.php
ERROR:root:While creating json: list index out of range, on /songs/killerpilze/blg¼mchensex.php
ERROR:root:While creating json: list index out of range, on /songs/killradio/where_go_we.php
ERROR:root:While creating json: list index out of range, on /songs/la_bouche/where_do_you_go.php
ERROR:root:While creating json: list index out of range, on /songs/lama/sv³tlo_³_t³n.php
ERROR:root:While creating json: list index out of range, on /songs/lama/ne_p³dvedi.php
ERROR:root:While creating json: list index out of range, on /songs/lama/men³_tak_treba.php
ERROR:root:While creating json: list index out of range, on /songs/lama/l³tak.php
ERROR:root:While creating json: list index out of range, on /songs/lama/m³y_miliy.php
ERROR:root:While creating json: list index out of range, on /songs/lilmakk/razam_i_naza¢zhdi.php
ERROR:root:While creating json: list index out of range, on /songs/london_after_midnight/where_good_girls_go_to_die.php
ERROR:root:While creating json: list index out of range, on /songs/lostprophets/streets_of_nowhere.php
ERROR:root:While creating json: list index out of range, on /songs/lou_bega/mambo_¹5.php
ERROR:root:While creating json: list index out of range, on /songs/lou_bega/11=2.php
ERROR:root:While creating json: list index out of range, on /songs/louis_armstrong/alexander’s_ragtime_band.php
ERROR:root:While creating json: list index out of range, on /songs/martin/chuvstvuy_i_dishi….php
ERROR:root:While creating json: list index out of range, on /songs/marusha/somewhere_over_the_rainbow.php
ERROR:root:While creating json: list index out of range, on /songs/mc_1_8/24/7.php
ERROR:root:While creating json: list index out of range, on /songs/metro_station/where_s_my_angel.php
ERROR:root:While creating json: list index out of range, on /songs/mims/where_i_belong.php
ERROR:root:While creating json: list index out of range, on /songs/movetown/girl_you_know_it’s_true.php
ERROR:root:While creating json: list index out of range, on /songs/multipass/where_is_my_mind1.php
ERROR:root:While creating json: list index out of range, on /songs/nasty_whize/1/2_polovini.php
ERROR:root:While creating json: list index out of range, on /songs/new_found_glory/right_where_we_left_off.php
ERROR:root:While creating json: list index out of range, on /songs/nine_lives/dlya_rnb-devochek)).php
ERROR:root:While creating json: list index out of range, on /songs/o_torvald/an³_lorak.php
ERROR:root:While creating json: list index out of range, on /songs/paolo_meneguzzi/una_regola_d’amore.php
ERROR:root:While creating json: list index out of range, on /songs/paolo_meneguzzi/in_nome_dell’amore.php
ERROR:root:While creating json: list index out of range, on /songs/pet_shop_boys/more_than_a_dream_/_heart.php
ERROR:root:While creating json: list index out of range, on /songs/pizza_boyz/7_rok³v_³_7_dn³v.php
ERROR:root:While creating json: list index out of range, on /songs/plazma/
ERROR:root:While creating json: list index out of range, on /songs/primal_fear/5_0_/_torn.php
ERROR:root:While creating json: list index out of range, on /songs/queen_latifah/no_/_yes.php
ERROR:root:While creating json: list index out of range, on /songs/rapira/t³lki_ti.php
ERROR:root:While creating json: list index out of range, on /songs/rapira/n³chogo_ne_chekay.php
ERROR:root:While creating json: list index out of range, on /songs/rapira/kol³r_van³lniy.php
ERROR:root:While creating json: list index out of range, on /songs/razorlight/somewhere_else.php
ERROR:root:While creating json: list index out of range, on /songs/remioromen/3/9.php
ERROR:root:While creating json: list index out of range, on /songs/ruzone/poslednee_
ERROR:root:While creating json: list index out of range, on /songs/s_t_i_n_k_i_e/babylon$kaya.php
ERROR:root:While creating json: list index out of range, on /songs/scars_on_broadway/kill_each_other/live_forever.php
ERROR:root:While creating json: list index out of range, on /songs/scars_on_broadway/exploding/reloading.php
ERROR:root:While creating json: list index out of range, on /songs/sean_paul/where_is_the_love.php
ERROR:root:While creating json: list index out of range, on /songs/sirusho/ser@_mer.php
ERROR:root:While creating json: list index out of range, on /songs/snoop_dogg/drop_it_like_it`s_hot.php
ERROR:root:While creating json: list index out of range, on /songs/sonic_syndicate/where_the_black_lotus_grows.php
ERROR:root:While creating json: list index out of range, on /songs/sophie_ellis-bextor/nowhere_without_you.php
ERROR:root:While creating json: list index out of range, on /songs/soularis/ray_¹17.php
ERROR:root:While creating json: list index out of range, on /songs/soularis/radio_
ERROR:root:While creating json: list index out of range, on /songs/soulfly/no_hope_=_no_fear.php
ERROR:root:While creating json: list index out of range, on /songs/stream_of_passion/wherever_you_are.php
ERROR:root:While creating json: list index out of range, on /songs/stutterfly/where_angels_fell.php
ERROR:root:While creating json: list index out of range, on /songs/sunsay/v³dchuvay.php
ERROR:root:While creating json: list index out of range, on /songs/syur_band/ne_hvor³y.php
ERROR:root:While creating json: list index out of range, on /songs/syur_band/zhittya_v_mashin³.php
ERROR:root:While creating json: list index out of range, on /songs/syur_band/t³iei_noch³.php
ERROR:root:While creating json: list index out of range, on /songs/taproot/wherever_i_stand.php
ERROR:root:While creating json: list index out of range, on /songs/tech_n9ne/girl_crazy_
ERROR:root:While creating json: list index out of range, on /songs/teddy_geiger/look_where_we_are_now.php
ERROR:root:While creating json: list index out of range, on /songs/the_calling/wherever_you_will_go.php
ERROR:root:While creating json: list index out of range, on /songs/the_couple/nebo_¹7.php
ERROR:root:While creating json: list index out of range, on /songs/the_kooks/always_where_i_need_to_be.php
ERROR:root:While creating json: list index out of range, on /songs/the_like/bridge_to_nowhere.php
ERROR:root:While creating json: list index out of range, on /songs/the_pretty_reckless/where_did_jesus_go.php
ERROR:root:While creating json: list index out of range, on /songs/the_pretty_reckless/goin’_down.php
ERROR:root:While creating json: list index out of range, on /songs/the_script/the_end_where_i_begin.php
ERROR:root:While creating json: list index out of range, on /songs/the_subways/somewhere_/_at_1_am.php
ERROR:root:While creating json: list index out of range, on /songs/timbaland/timothy_where_you_been.php
ERROR:root:While creating json: list index out of range, on /songs/vanessa_williams/october_sky.php
ERROR:root:While creating json: list index out of range, on /songs/vivienne_mort/den_koli_svyat³.php
ERROR:root:While creating json: list index out of range, on /songs/vovazil_vova/²sterika.php
ERROR:root:While creating json: list index out of range, on /songs/waynsg/dlya_vseh/outro.php
ERROR:root:While creating json: list index out of range, on /songs/westlife/where_we_are.php
ERROR:root:While creating json: list index out of range, on /songs/xs/v³nochok.php
ERROR:root:While creating json: list index out of range, on 
